{"level":"info","message":"Wed Nov 29 2023 23:56:57 GMT+0530 (India Standard Time) \n req URL: /api/users/signup \n reqBody: {}","service":"user-service"}
{"level":"info","message":"Wed Nov 29 2023 23:58:34 GMT+0530 (India Standard Time) \n req URL: /api/users/signup \n reqBody: {}","service":"user-service"}
{"level":"info","message":"Wed Nov 29 2023 23:58:34 GMT+0530 (India Standard Time) \n req URL: /favicon.ico \n reqBody: {}","service":"user-service"}
{"level":"info","message":"Thu Nov 30 2023 00:01:32 GMT+0530 (India Standard Time) \n req URL: /api/users/signup \n reqBody: {}","service":"user-service"}
{"level":"info","message":"Thu Nov 30 2023 00:04:14 GMT+0530 (India Standard Time) \n req URL: /signup \n reqBody: {}","service":"user-service"}
{"level":"info","message":"Thu Nov 30 2023 00:04:20 GMT+0530 (India Standard Time) \n req URL: /signup \n reqBody: {}","service":"user-service"}
{"level":"info","message":"Thu Nov 30 2023 00:05:41 GMT+0530 (India Standard Time) \n req URL: /signup \n reqBody: {}","service":"user-service"}
{"level":"info","message":"Thu Nov 30 2023 00:05:53 GMT+0530 (India Standard Time) \n req URL: / \n reqBody: {}","service":"user-service"}
{"level":"info","message":"Thu Nov 30 2023 00:05:56 GMT+0530 (India Standard Time) \n req URL: /api/users/signup \n reqBody: {}","service":"user-service"}
{"level":"info","message":"Thu Nov 30 2023 00:06:15 GMT+0530 (India Standard Time) \n req URL: /api/users/api/users/signup \n reqBody: {}","service":"user-service"}
{"level":"info","message":"Thu Nov 30 2023 00:06:45 GMT+0530 (India Standard Time) \n req URL: /api/users/signup \n reqBody: {}","service":"user-service"}
{"level":"info","message":"Thu Nov 30 2023 00:09:14 GMT+0530 (India Standard Time) \n req URL: /api/users/signup \n reqBody: {\"name\":\"someone\",\"gender\":\"male\",\"email\":\"someone@gmail.com\",\"password\":\"password@123\"}","service":"user-service"}
{"level":"info","message":"Thu Nov 30 2023 00:10:25 GMT+0530 (India Standard Time) \n req URL: /api/users/signup \n reqBody: {\"name\":\"someone\",\"gender\":\"Male\",\"email\":\"someone@gmail.com\",\"password\":\"password@123\"}","service":"user-service"}
{"level":"info","message":"Thu Nov 30 2023 00:11:02 GMT+0530 (India Standard Time) \n req URL: /api/users/signup \n reqBody: {\"name\":\"someone\",\"gender\":\"Male\",\"email\":\"someone@gmail.com\",\"password\":\"password@123\"}","service":"user-service"}
{"level":"info","message":"Thu Nov 30 2023 00:11:10 GMT+0530 (India Standard Time) \n req URL: /api/users/signup \n reqBody: {}","service":"user-service"}
{"level":"info","message":"Thu Nov 30 2023 00:11:47 GMT+0530 (India Standard Time) \n req URL: /signup \n reqBody: {}","service":"user-service"}
{"level":"info","message":"Thu Nov 30 2023 00:14:02 GMT+0530 (India Standard Time) \n req URL: /api/users/signup \n reqBody: {}","service":"user-service"}
{"level":"info","message":"Thu Nov 30 2023 00:14:30 GMT+0530 (India Standard Time) \n req URL: /api/users/api/users/signup \n reqBody: {}","service":"user-service"}
{"level":"info","message":"Thu Nov 30 2023 00:19:04 GMT+0530 (India Standard Time) \n req URL: /api/users/signup \n reqBody: {}","service":"user-service"}
{"level":"info","message":"Thu Nov 30 2023 00:27:31 GMT+0530 (India Standard Time) \n req URL: /api/users/signup \n reqBody: {}","service":"user-service"}
{"level":"info","message":"Thu Nov 30 2023 00:27:51 GMT+0530 (India Standard Time) \n req URL: /signup \n reqBody: {}","service":"user-service"}
{"level":"info","message":"Thu Nov 30 2023 00:27:51 GMT+0530 (India Standard Time) \n req URL: /api/users/signup \n reqBody: {}","service":"user-service"}
{"level":"info","message":"Thu Nov 30 2023 00:30:10 GMT+0530 (India Standard Time) \n req URL: /api/users/signup \n reqBody: {}","service":"user-service"}
{"level":"info","message":"Thu Nov 30 2023 00:33:14 GMT+0530 (India Standard Time) \n req URL: /api/users/signup \n reqBody: {\"name\":\"someone1\",\"gender\":\"Male\",\"email\":\"someone1@gmail.com\",\"password\":\"someone1@123\"}","service":"user-service"}
{"level":"info","message":"Thu Nov 30 2023 00:33:14 GMT+0530 (India Standard Time) \n req URL: /api/users/signup \n reqBody: {}","service":"user-service"}
{"level":"info","message":"Thu Nov 30 2023 00:34:03 GMT+0530 (India Standard Time) \n req URL: /api/users/signup \n reqBody: {}","service":"user-service"}
{"level":"info","message":"Thu Nov 30 2023 00:36:22 GMT+0530 (India Standard Time) \n req URL: /api/users/signup \n reqBody: {\"name\":\"someone1\",\"gender\":\"Male\",\"email\":\"someone1@gmail.com\",\"password\":\"someone1@123\"}","service":"user-service"}
{"level":"info","message":"Thu Nov 30 2023 00:36:22 GMT+0530 (India Standard Time) \n req URL: /api/users/signup \n reqBody: {}","service":"user-service"}
{"level":"info","message":"Thu Nov 30 2023 00:38:00 GMT+0530 (India Standard Time) \n req URL: /api/users/signup \n reqBody: {}","service":"user-service"}
{"level":"info","message":"Thu Nov 30 2023 00:38:16 GMT+0530 (India Standard Time) \n req URL: /api/users/signup \n reqBody: {\"name\":\"someone1\",\"gender\":\"Male\",\"email\":\"someone1@gmail.com\",\"password\":\"someone1@123\"}","service":"user-service"}
{"level":"info","message":"Thu Nov 30 2023 00:38:16 GMT+0530 (India Standard Time) \n req URL: /api/users/signup \n reqBody: {}","service":"user-service"}
{"level":"info","message":"Thu Nov 30 2023 00:45:16 GMT+0530 (India Standard Time) \n req URL: /api/users/signup \n reqBody: {}","service":"user-service"}
{"level":"info","message":"Thu Nov 30 2023 00:45:48 GMT+0530 (India Standard Time) \n req URL: /api/users/signup \n reqBody: {\"name\":\"someone1\",\"gender\":\"Male\",\"email\":\"someone1@gmail.com\",\"password\":\"someone1@123\"}","service":"user-service"}
{"level":"info","message":"Thu Nov 30 2023 00:45:48 GMT+0530 (India Standard Time) \n req URL: /api/users/signup \n reqBody: {}","service":"user-service"}
{"level":"info","message":"Thu Nov 30 2023 00:49:05 GMT+0530 (India Standard Time) \n req URL: /api/users/signup \n reqBody: {}","service":"user-service"}
{"level":"info","message":"Thu Nov 30 2023 00:49:30 GMT+0530 (India Standard Time) \n req URL: /api/users/signup \n reqBody: {\"name\":\"someone1\",\"gender\":\"Male\",\"email\":\"someone1@gmail.com\",\"password\":\"someone1@123\"}","service":"user-service"}
{"level":"info","message":"Thu Nov 30 2023 00:49:30 GMT+0530 (India Standard Time) \n req URL: /api/users/signup \n reqBody: {}","service":"user-service"}
{"level":"info","message":"Thu Nov 30 2023 00:51:58 GMT+0530 (India Standard Time) \n req URL: /api/users/signup \n reqBody: {}","service":"user-service"}
{"level":"info","message":"Thu Nov 30 2023 00:52:16 GMT+0530 (India Standard Time) \n req URL: /api/users/signup \n reqBody: {}","service":"user-service"}
{"level":"info","message":"Thu Nov 30 2023 00:58:07 GMT+0530 (India Standard Time) \n req URL: /api/users/signup \n reqBody: {}","service":"user-service"}
{"level":"info","message":"Thu Nov 30 2023 00:59:45 GMT+0530 (India Standard Time) \n req URL: /api/users/signup \n reqBody: {}","service":"user-service"}
{"level":"info","message":"Thu Nov 30 2023 01:00:00 GMT+0530 (India Standard Time) \n req URL: /api/users/signup \n reqBody: {\"name\":{},\"gender\":{\"0\":{},\"1\":{},\"2\":{}},\"email\":{},\"password\":{}}","service":"user-service"}
{"level":"info","message":"Thu Nov 30 2023 01:00:37 GMT+0530 (India Standard Time) \n req URL: /api/users/signup \n reqBody: {}","service":"user-service"}
{"level":"info","message":"Thu Nov 30 2023 01:00:45 GMT+0530 (India Standard Time) \n req URL: /api/users/signup \n reqBody: {}","service":"user-service"}
{"level":"info","message":"Thu Nov 30 2023 01:00:59 GMT+0530 (India Standard Time) \n req URL: /api/users/signup \n reqBody: {\"name\":\"someone1\",\"gender\":\"Male\",\"email\":\"someone1@gmail.com\",\"password\":\"someone1@123\"}","service":"user-service"}
{"level":"info","message":"Thu Nov 30 2023 01:01:53 GMT+0530 (India Standard Time) \n req URL: /api/users/signup \n reqBody: {\"name\":\"someone1\",\"gender\":\"Male\",\"email\":\"someone1@gmail.com\",\"password\":\"someone1@123\"}","service":"user-service"}
{"level":"info","message":"Thu Nov 30 2023 01:02:35 GMT+0530 (India Standard Time) \n req URL: /api/users/signup \n reqBody: {\"name\":\"someone2\",\"gender\":\"Male\",\"email\":\"someone2@gmail.com\",\"password\":\"someone1@123\"}","service":"user-service"}
{"level":"info","message":"Thu Nov 30 2023 01:05:25 GMT+0530 (India Standard Time) \n req URL: /api/users/signup \n reqBody: {\"name\":\"someone3\",\"gender\":\"Male\",\"email\":\"someone3@gmail.com\",\"password\":\"someone1@123\"}","service":"user-service"}
{"level":"info","message":"Thu Nov 30 2023 01:05:42 GMT+0530 (India Standard Time) \n req URL: /api/users/signup \n reqBody: {}","service":"user-service"}
{"level":"info","message":"Thu Nov 30 2023 01:06:00 GMT+0530 (India Standard Time) \n req URL: /api/users/signup \n reqBody: {\"name\":\"someone3\",\"gender\":\"Female\",\"email\":\"someone3@gmail.com\",\"password\":\"someone3@123\"}","service":"user-service"}
{"level":"info","message":"Thu Nov 30 2023 01:06:18 GMT+0530 (India Standard Time) \n req URL: /api/users/signup \n reqBody: {\"name\":\"someone4\",\"gender\":\"Female\",\"email\":\"someone4@gmail.com\",\"password\":\"someone3@123\"}","service":"user-service"}
{"level":"info","message":"Thu Nov 30 2023 01:06:56 GMT+0530 (India Standard Time) \n req URL: /api/users/signup \n reqBody: {\"name\":\"someone4\",\"gender\":\"Female\",\"email\":\"someone4@gmail.com\",\"password\":\"someone3@123\"}","service":"user-service"}
{"level":"info","message":"Thu Nov 30 2023 01:07:09 GMT+0530 (India Standard Time) \n req URL: /api/users/signup \n reqBody: {\"name\":\"someone5\",\"gender\":\"Female\",\"email\":\"someone5@gmail.com\",\"password\":\"someone3@123\"}","service":"user-service"}
{"level":"info","message":"Thu Nov 30 2023 01:10:41 GMT+0530 (India Standard Time) \n req URL: /api/users/signup \n reqBody: {\"name\":\"someone6\",\"gender\":\"Female\",\"email\":\"someone6@gmail.com\",\"password\":\"someone3@123\"}","service":"user-service"}
{"level":"info","message":"Thu Nov 30 2023 01:10:42 GMT+0530 (India Standard Time) \n req URL: /api/users/homePage \n reqBody: {}","service":"user-service"}
{"level":"info","message":"Thu Nov 30 2023 01:17:55 GMT+0530 (India Standard Time) \n req URL: /api/users/homePage \n reqBody: {}","service":"user-service"}
{"level":"info","message":"Thu Nov 30 2023 01:18:24 GMT+0530 (India Standard Time) \n req URL: /api/users/homePage \n reqBody: {}","service":"user-service"}
{"level":"info","message":"Thu Nov 30 2023 01:19:27 GMT+0530 (India Standard Time) \n req URL: /api/users/homePage \n reqBody: {}","service":"user-service"}
{"level":"info","message":"Thu Nov 30 2023 01:19:36 GMT+0530 (India Standard Time) \n req URL: /api/users/homePage \n reqBody: {}","service":"user-service"}
{"level":"info","message":"Thu Nov 30 2023 01:19:38 GMT+0530 (India Standard Time) \n req URL: /api/users/logout \n reqBody: {}","service":"user-service"}
{"level":"info","message":"Thu Nov 30 2023 01:25:32 GMT+0530 (India Standard Time) \n req URL: /api/users/signup \n reqBody: {}","service":"user-service"}
{"level":"info","message":"Thu Nov 30 2023 01:25:38 GMT+0530 (India Standard Time) \n req URL: /api/users/signin \n reqBody: {}","service":"user-service"}
{"level":"info","message":"Thu Nov 30 2023 01:25:58 GMT+0530 (India Standard Time) \n req URL: /api/users/signin \n reqBody: {\"email\":\"someone@gmail.com\",\"password\":\"someone@123\"}","service":"user-service"}
{"level":"info","message":"Thu Nov 30 2023 01:26:38 GMT+0530 (India Standard Time) \n req URL: /api/users/signin \n reqBody: {\"email\":\"someone1@gmail.com\",\"password\":\"someone1@123\"}","service":"user-service"}
{"level":"info","message":"Thu Nov 30 2023 01:26:38 GMT+0530 (India Standard Time) \n req URL: /api/users/homePage \n reqBody: {}","service":"user-service"}
{"level":"info","message":"Thu Nov 30 2023 01:27:44 GMT+0530 (India Standard Time) \n req URL: /api/users/signin \n reqBody: {}","service":"user-service"}
{"level":"info","message":"Thu Nov 30 2023 01:28:01 GMT+0530 (India Standard Time) \n req URL: /api/users/signin \n reqBody: {\"email\":\"someone2@gmail.com\",\"password\":\"someone2@123\"}","service":"user-service"}
{"level":"info","message":"Thu Nov 30 2023 01:28:23 GMT+0530 (India Standard Time) \n req URL: /api/users/signin \n reqBody: {}","service":"user-service"}
{"level":"info","message":"Thu Nov 30 2023 01:28:42 GMT+0530 (India Standard Time) \n req URL: /api/users/signin \n reqBody: {}","service":"user-service"}
{"level":"info","message":"Thu Nov 30 2023 01:29:09 GMT+0530 (India Standard Time) \n req URL: /api/users/signin \n reqBody: {\"email\":\"someone@gmail.com\",\"password\":\"password@123\"}","service":"user-service"}
{"level":"info","message":"Thu Nov 30 2023 01:29:09 GMT+0530 (India Standard Time) \n req URL: /api/users/homePage \n reqBody: {}","service":"user-service"}
{"level":"info","message":"Thu Nov 30 2023 01:32:04 GMT+0530 (India Standard Time) \n req URL: /api/users/signin \n reqBody: {\"email\":\"someone@gmail.com\",\"password\":\"password@123\"}","service":"user-service"}
{"level":"info","message":"Thu Nov 30 2023 01:32:05 GMT+0530 (India Standard Time) \n req URL: /api/users/homePage \n reqBody: {}","service":"user-service"}
{"level":"info","message":"Thu Nov 30 2023 01:32:08 GMT+0530 (India Standard Time) \n req URL: /api/users/signin \n reqBody: {}","service":"user-service"}
{"level":"info","message":"Thu Nov 30 2023 01:32:28 GMT+0530 (India Standard Time) \n req URL: /api/users/signin \n reqBody: {\"email\":\"someone@gmail.com\",\"password\":\"password@123\"}","service":"user-service"}
{"level":"info","message":"Thu Nov 30 2023 01:32:29 GMT+0530 (India Standard Time) \n req URL: /api/users/homePage \n reqBody: {}","service":"user-service"}
{"level":"info","message":"Thu Nov 30 2023 01:32:45 GMT+0530 (India Standard Time) \n req URL: /api/users/signup \n reqBody: {}","service":"user-service"}
{"level":"info","message":"Thu Nov 30 2023 01:33:25 GMT+0530 (India Standard Time) \n req URL: /api/users/signup \n reqBody: {\"name\":\"someone7\",\"gender\":\"Male\",\"email\":\"someone7@gmail.com\",\"password\":\"someone7@123\"}","service":"user-service"}
{"level":"info","message":"Thu Nov 30 2023 01:33:25 GMT+0530 (India Standard Time) \n req URL: /api/users/signin \n reqBody: {}","service":"user-service"}
{"level":"info","message":"Thu Nov 30 2023 01:35:21 GMT+0530 (India Standard Time) \n req URL: /api/users/signup \n reqBody: {}","service":"user-service"}
{"level":"info","message":"Thu Nov 30 2023 01:35:41 GMT+0530 (India Standard Time) \n req URL: /api/users/signup \n reqBody: {\"name\":\"someone8\",\"gender\":\"Female\",\"email\":\"someone8@gmail.com\",\"password\":\"someone8@123\"}","service":"user-service"}
{"level":"info","message":"Thu Nov 30 2023 01:35:41 GMT+0530 (India Standard Time) \n req URL: /api/users/homePage \n reqBody: {}","service":"user-service"}
{"level":"info","message":"Thu Nov 30 2023 01:37:07 GMT+0530 (India Standard Time) \n req URL: /api/users/signup \n reqBody: {}","service":"user-service"}
{"level":"info","message":"Thu Nov 30 2023 01:38:30 GMT+0530 (India Standard Time) \n req URL: /api/users/signup \n reqBody: {}","service":"user-service"}
{"level":"info","message":"Thu Nov 30 2023 01:38:32 GMT+0530 (India Standard Time) \n req URL: /api/users/signin? \n reqBody: {}","service":"user-service"}
{"level":"info","message":"Thu Nov 30 2023 01:38:48 GMT+0530 (India Standard Time) \n req URL: /api/users/signin \n reqBody: {\"email\":\"someone8@gmail.com\",\"password\":\"someone8@123\"}","service":"user-service"}
{"level":"info","message":"Thu Nov 30 2023 01:38:48 GMT+0530 (India Standard Time) \n req URL: /api/users/homePage \n reqBody: {}","service":"user-service"}
{"level":"info","message":"Thu Nov 30 2023 01:40:03 GMT+0530 (India Standard Time) \n req URL: /api/users/signin? \n reqBody: {}","service":"user-service"}
{"level":"info","message":"Thu Nov 30 2023 01:40:07 GMT+0530 (India Standard Time) \n req URL: /api/users/signup \n reqBody: {}","service":"user-service"}
{"level":"info","message":"Thu Nov 30 2023 01:40:32 GMT+0530 (India Standard Time) \n req URL: /api/users/signup \n reqBody: {\"name\":\"someone9\",\"gender\":\"Male\",\"email\":\"someone9@gmail.com\",\"password\":\"someone9@123\"}","service":"user-service"}
{"level":"info","message":"Thu Nov 30 2023 01:42:48 GMT+0530 (India Standard Time) \n req URL: /api/users/signup \n reqBody: {}","service":"user-service"}
{"level":"info","message":"Thu Nov 30 2023 01:43:05 GMT+0530 (India Standard Time) \n req URL: /api/users/signup \n reqBody: {\"name\":\"someone10\",\"gender\":\"Male\",\"email\":\"someone10@gmail.com\",\"password\":\"someone10@123\"}","service":"user-service"}
{"level":"info","message":"Thu Nov 30 2023 01:43:05 GMT+0530 (India Standard Time) \n req URL: /api/users/signin \n reqBody: {}","service":"user-service"}
{"level":"info","message":"Thu Nov 30 2023 01:43:05 GMT+0530 (India Standard Time) \n req URL: /api/users/signin \n reqBody: {}","service":"user-service"}
{"level":"info","message":"Thu Nov 30 2023 01:44:15 GMT+0530 (India Standard Time) \n req URL: /api/users/signin \n reqBody: {\"email\":\"someone10@gmail.com\",\"password\":\"someone10@123\"}","service":"user-service"}
{"level":"info","message":"Thu Nov 30 2023 01:44:16 GMT+0530 (India Standard Time) \n req URL: /api/users/homePage \n reqBody: {}","service":"user-service"}
{"level":"info","message":"Thu Nov 30 2023 01:44:33 GMT+0530 (India Standard Time) \n req URL: /api/users/signin \n reqBody: {}","service":"user-service"}
{"level":"info","message":"Thu Nov 30 2023 01:44:41 GMT+0530 (India Standard Time) \n req URL: /api/users/signin \n reqBody: {\"email\":\"someone10@gmail.com\",\"password\":\"someone10@123\"}","service":"user-service"}
{"level":"info","message":"Thu Nov 30 2023 01:44:41 GMT+0530 (India Standard Time) \n req URL: /api/users/homePage \n reqBody: {}","service":"user-service"}
{"level":"info","message":"Thu Nov 30 2023 01:44:41 GMT+0530 (India Standard Time) \n req URL: /api/users/homePage \n reqBody: {}","service":"user-service"}
{"level":"info","message":"Thu Nov 30 2023 01:44:45 GMT+0530 (India Standard Time) \n req URL: /api/users/logout \n reqBody: {}","service":"user-service"}
{"level":"info","message":"Thu Nov 30 2023 01:59:37 GMT+0530 (India Standard Time) \n req URL: /api/users/signup \n reqBody: {}","service":"user-service"}
{"level":"info","message":"Thu Nov 30 2023 02:00:28 GMT+0530 (India Standard Time) \n req URL: /api/users/signup \n reqBody: {}","service":"user-service"}
{"level":"info","message":"Thu Nov 30 2023 02:00:55 GMT+0530 (India Standard Time) \n req URL: /api/users/signup \n reqBody: {\"name\":\"Prateek Srivastava\",\"gender\":\"Male\",\"email\":\"prateeksdr4@gmail.com\",\"password\":\"prateeksdr4@gmail.com\"}","service":"user-service"}
{"level":"info","message":"Thu Nov 30 2023 02:00:56 GMT+0530 (India Standard Time) \n req URL: /api/users/signin \n reqBody: {}","service":"user-service"}
{"level":"info","message":"Thu Nov 30 2023 02:00:56 GMT+0530 (India Standard Time) \n req URL: /api/users/signin \n reqBody: {}","service":"user-service"}
{"level":"info","message":"Thu Nov 30 2023 02:01:00 GMT+0530 (India Standard Time) \n req URL: /api/users/signin \n reqBody: {\"email\":\"prateeksdr4@gmail.com\",\"password\":\"prateeksdr4@gmail.com\"}","service":"user-service"}
{"level":"info","message":"Thu Nov 30 2023 02:01:01 GMT+0530 (India Standard Time) \n req URL: /api/users/homePage \n reqBody: {}","service":"user-service"}
{"level":"info","message":"Thu Nov 30 2023 02:01:01 GMT+0530 (India Standard Time) \n req URL: /api/users/homePage \n reqBody: {}","service":"user-service"}
{"level":"info","message":"Thu Nov 30 2023 02:02:40 GMT+0530 (India Standard Time) \n req URL: /api/users/homePage \n reqBody: {}","service":"user-service"}
{"level":"info","message":"Thu Nov 30 2023 02:02:41 GMT+0530 (India Standard Time) \n req URL: /api/users/resetPassword \n reqBody: {}","service":"user-service"}
{"level":"info","message":"Thu Nov 30 2023 02:03:11 GMT+0530 (India Standard Time) \n req URL: /api/users/homePage \n reqBody: {}","service":"user-service"}
{"level":"info","message":"Thu Nov 30 2023 02:03:12 GMT+0530 (India Standard Time) \n req URL: /api/users/resetPassword? \n reqBody: {}","service":"user-service"}
{"level":"info","message":"Thu Nov 30 2023 02:03:52 GMT+0530 (India Standard Time) \n req URL: /api/users/resetPassword \n reqBody: {\"password\":\"resetPassword@123\"}","service":"user-service"}
{"level":"info","message":"Thu Nov 30 2023 02:04:44 GMT+0530 (India Standard Time) \n req URL: /api/users/resetPassword? \n reqBody: {}","service":"user-service"}
{"level":"info","message":"Thu Nov 30 2023 02:04:49 GMT+0530 (India Standard Time) \n req URL: /api/users/resetPassword \n reqBody: {\"newPassword\":\"newPassword@123\"}","service":"user-service"}
{"level":"info","message":"Thu Nov 30 2023 02:04:50 GMT+0530 (India Standard Time) \n req URL: /api/users/homePage \n reqBody: {}","service":"user-service"}
{"level":"info","message":"Thu Nov 30 2023 02:04:50 GMT+0530 (India Standard Time) \n req URL: /api/users/homePage \n reqBody: {}","service":"user-service"}
{"level":"info","message":"Thu Nov 30 2023 02:06:02 GMT+0530 (India Standard Time) \n req URL: /api/users/homePage \n reqBody: {}","service":"user-service"}
{"level":"info","message":"Thu Nov 30 2023 23:10:47 GMT+0530 (India Standard Time) \n req URL: /api/users/homePage \n reqBody: {}","service":"user-service"}
{"level":"info","message":"Thu Nov 30 2023 23:11:45 GMT+0530 (India Standard Time) \n req URL: /api/users/signup \n reqBody: {}","service":"user-service"}
{"level":"info","message":"Thu Nov 30 2023 23:11:56 GMT+0530 (India Standard Time) \n req URL: /api/users/signup \n reqBody: {}","service":"user-service"}
{"level":"info","message":"Thu Nov 30 2023 23:12:04 GMT+0530 (India Standard Time) \n req URL: /api/users/signup \n reqBody: {}","service":"user-service"}
{"level":"info","message":"Thu Nov 30 2023 23:12:36 GMT+0530 (India Standard Time) \n req URL: /api/users/signup \n reqBody: {}","service":"user-service"}
{"level":"info","message":"Thu Nov 30 2023 23:12:51 GMT+0530 (India Standard Time) \n req URL: /api/users/signup \n reqBody: {}","service":"user-service"}
{"level":"info","message":"Thu Nov 30 2023 23:13:38 GMT+0530 (India Standard Time) \n req URL: /api/users/signup \n reqBody: {}","service":"user-service"}
{"level":"info","message":"Thu Nov 30 2023 23:13:46 GMT+0530 (India Standard Time) \n req URL: /dashboard \n reqBody: {}","service":"user-service"}
{"level":"info","message":"Thu Nov 30 2023 23:14:11 GMT+0530 (India Standard Time) \n req URL: /api/users/signup \n reqBody: {}","service":"user-service"}
{"level":"info","message":"Thu Nov 30 2023 23:14:14 GMT+0530 (India Standard Time) \n req URL: /homePage \n reqBody: {}","service":"user-service"}
{"level":"info","message":"Thu Nov 30 2023 23:16:10 GMT+0530 (India Standard Time) \n req URL: /api/users/signup \n reqBody: {}","service":"user-service"}
{"level":"info","message":"Thu Nov 30 2023 23:16:13 GMT+0530 (India Standard Time) \n req URL: /api/users/homePage \n reqBody: {}","service":"user-service"}
{"level":"info","message":"Thu Nov 30 2023 23:16:20 GMT+0530 (India Standard Time) \n req URL: /api/users/logout \n reqBody: {}","service":"user-service"}
{"level":"info","message":"Thu Nov 30 2023 23:20:14 GMT+0530 (India Standard Time) \n req URL: /api/users/signup \n reqBody: {}","service":"user-service"}
{"level":"info","message":"Thu Nov 30 2023 23:25:13 GMT+0530 (India Standard Time) \n req URL: /api/users/signup \n reqBody: {}","service":"user-service"}
{"level":"info","message":"Thu Nov 30 2023 23:25:42 GMT+0530 (India Standard Time) \n req URL: /api/users/signup \n reqBody: {}","service":"user-service"}
{"level":"info","message":"Thu Nov 30 2023 23:25:45 GMT+0530 (India Standard Time) \n req URL: /api/users/signin \n reqBody: {}","service":"user-service"}
{"level":"info","message":"Thu Nov 30 2023 23:27:47 GMT+0530 (India Standard Time) \n req URL: /api/users/signin \n reqBody: {}","service":"user-service"}
{"level":"info","message":"Thu Nov 30 2023 23:27:50 GMT+0530 (India Standard Time) \n req URL: /api/users/signin \n reqBody: {}","service":"user-service"}
{"level":"info","message":"Thu Nov 30 2023 23:39:57 GMT+0530 (India Standard Time) \n req URL: /api/users/signin \n reqBody: {}","service":"user-service"}
{"level":"info","message":"Thu Nov 30 2023 23:43:57 GMT+0530 (India Standard Time) \n req URL: /api/users/signup \n reqBody: {}","service":"user-service"}
{"level":"info","message":"Thu Nov 30 2023 23:44:15 GMT+0530 (India Standard Time) \n req URL: /api/users/signup \n reqBody: {\"name\":\"efon3\",\"email\":\"abc@gmail.com\",\"password\":\"abc@gmail.com\"}","service":"user-service"}
{"level":"info","message":"Thu Nov 30 2023 23:44:15 GMT+0530 (India Standard Time) \n req URL: /api/users/signin \n reqBody: {}","service":"user-service"}
{"level":"info","message":"Thu Nov 30 2023 23:44:15 GMT+0530 (India Standard Time) \n req URL: /api/users/signin \n reqBody: {}","service":"user-service"}
{"level":"info","message":"Thu Nov 30 2023 23:45:38 GMT+0530 (India Standard Time) \n req URL: /api/users/signup \n reqBody: {}","service":"user-service"}
{"level":"info","message":"Thu Nov 30 2023 23:46:23 GMT+0530 (India Standard Time) \n req URL: /api/users/signup \n reqBody: {}","service":"user-service"}
{"level":"info","message":"Thu Nov 30 2023 23:46:37 GMT+0530 (India Standard Time) \n req URL: /api/users/signup \n reqBody: {\"name\":\"abcd\",\"email\":\"abcd@gmail.com\",\"password\":\"abcd@gmail.co\"}","service":"user-service"}
{"level":"info","message":"Thu Nov 30 2023 23:46:37 GMT+0530 (India Standard Time) \n req URL: /api/users/signin \n reqBody: {}","service":"user-service"}
{"level":"info","message":"Thu Nov 30 2023 23:46:37 GMT+0530 (India Standard Time) \n req URL: /api/users/signin \n reqBody: {}","service":"user-service"}
{"level":"info","message":"Thu Nov 30 2023 23:47:25 GMT+0530 (India Standard Time) \n req URL: /api/users/signup \n reqBody: {}","service":"user-service"}
{"level":"info","message":"Thu Nov 30 2023 23:47:55 GMT+0530 (India Standard Time) \n req URL: /api/users/signup \n reqBody: {\"name\":\"d2d\",\"email\":\"d2d@gmail.com\",\"password\":\"d2d@gmail.com\"}","service":"user-service"}
{"level":"info","message":"Thu Nov 30 2023 23:47:55 GMT+0530 (India Standard Time) \n req URL: /api/users/signin \n reqBody: {}","service":"user-service"}
{"level":"info","message":"Thu Nov 30 2023 23:47:55 GMT+0530 (India Standard Time) \n req URL: /api/users/signin \n reqBody: {}","service":"user-service"}
{"level":"info","message":"Thu Nov 30 2023 23:48:07 GMT+0530 (India Standard Time) \n req URL: /api/users/signin \n reqBody: {\"email\":\"d2d@gmail.com\",\"password\":\"d2d@gmail.com\"}","service":"user-service"}
{"level":"info","message":"Thu Nov 30 2023 23:48:08 GMT+0530 (India Standard Time) \n req URL: /api/users/homePage \n reqBody: {}","service":"user-service"}
{"level":"info","message":"Thu Nov 30 2023 23:48:08 GMT+0530 (India Standard Time) \n req URL: /api/users/homePage \n reqBody: {}","service":"user-service"}
{"level":"info","message":"Thu Nov 30 2023 23:51:43 GMT+0530 (India Standard Time) \n req URL: /api/users/signin \n reqBody: {}","service":"user-service"}
{"level":"info","message":"Thu Nov 30 2023 23:51:57 GMT+0530 (India Standard Time) \n req URL: /api/users/signin \n reqBody: {\"email\":\"prateeksdr4@gmail.com\",\"password\":\"prateek@123\"}","service":"user-service"}
{"level":"info","message":"Thu Nov 30 2023 23:53:33 GMT+0530 (India Standard Time) \n req URL: /api/users/signin \n reqBody: {}","service":"user-service"}
{"level":"info","message":"Thu Nov 30 2023 23:53:36 GMT+0530 (India Standard Time) \n req URL: /api/users/signin \n reqBody: {\"email\":\"prateeksdr4@gmail.com\",\"password\":\"prateeksdr4@gmail.com\"}","service":"user-service"}
{"level":"info","message":"Thu Nov 30 2023 23:53:57 GMT+0530 (India Standard Time) \n req URL: /api/users/signin \n reqBody: {}","service":"user-service"}
{"level":"info","message":"Thu Nov 30 2023 23:54:00 GMT+0530 (India Standard Time) \n req URL: /api/users/signin \n reqBody: {\"email\":\"prateeksdr4@gmail.com\",\"password\":\"prateeksdr4@gmail.com\"}","service":"user-service"}
{"level":"info","message":"Thu Nov 30 2023 23:54:59 GMT+0530 (India Standard Time) \n req URL: /api/users/signin \n reqBody: {\"email\":\"prateeksdr4@gmail.com\",\"password\":\"prateeksdr4@gmail.com\"}","service":"user-service"}
{"level":"info","message":"Thu Nov 30 2023 23:55:03 GMT+0530 (India Standard Time) \n req URL: /api/users/signin \n reqBody: {}","service":"user-service"}
{"level":"info","message":"Thu Nov 30 2023 23:55:08 GMT+0530 (India Standard Time) \n req URL: /api/users/signin \n reqBody: {\"email\":\"prateeksdr4@gmail.com\",\"password\":\"prateeksdr4@gmail.com\"}","service":"user-service"}
{"level":"info","message":"Thu Nov 30 2023 23:58:40 GMT+0530 (India Standard Time) \n req URL: /api/users/signin \n reqBody: {}","service":"user-service"}
{"level":"info","message":"Thu Nov 30 2023 23:58:44 GMT+0530 (India Standard Time) \n req URL: /api/users/signin \n reqBody: {\"email\":\"prateeksdr4@gmail.com\",\"password\":\"prateeksdr4@gmail.com\"}","service":"user-service"}
{"level":"info","message":"Thu Nov 30 2023 23:59:17 GMT+0530 (India Standard Time) \n req URL: /api/users/signin \n reqBody: {}","service":"user-service"}
{"level":"info","message":"Thu Nov 30 2023 23:59:21 GMT+0530 (India Standard Time) \n req URL: /api/users/signin \n reqBody: {\"email\":\"prateeksdr4@gmail.com\",\"password\":\"prateeksdr4@gmail.com\"}","service":"user-service"}
{"level":"info","message":"Fri Dec 01 2023 00:01:29 GMT+0530 (India Standard Time) \n req URL: /api/users/signin \n reqBody: {}","service":"user-service"}
{"level":"info","message":"Fri Dec 01 2023 00:01:32 GMT+0530 (India Standard Time) \n req URL: /api/users/signin \n reqBody: {\"email\":\"prateeksdr4@gmail.com\",\"password\":\"prateeksdr4@gmail.com\"}","service":"user-service"}
{"level":"info","message":"Fri Dec 01 2023 00:01:56 GMT+0530 (India Standard Time) \n req URL: /api/users/signin \n reqBody: {\"email\":\"d2d@gmail.com\",\"password\":\"d2d@gmail.com\"}","service":"user-service"}
{"level":"info","message":"Fri Dec 01 2023 00:01:56 GMT+0530 (India Standard Time) \n req URL: /api/users/homePage \n reqBody: {}","service":"user-service"}
{"level":"info","message":"Fri Dec 01 2023 00:01:56 GMT+0530 (India Standard Time) \n req URL: /api/users/homePage \n reqBody: {}","service":"user-service"}
{"level":"info","message":"Fri Dec 01 2023 00:02:00 GMT+0530 (India Standard Time) \n req URL: /api/users/logout \n reqBody: {}","service":"user-service"}
{"level":"info","message":"Fri Dec 01 2023 00:02:19 GMT+0530 (India Standard Time) \n req URL: /api/users/homePage \n reqBody: {}","service":"user-service"}
{"level":"info","message":"Fri Dec 01 2023 00:02:23 GMT+0530 (India Standard Time) \n req URL: /api/users/logout \n reqBody: {}","service":"user-service"}
{"level":"info","message":"Fri Dec 01 2023 00:03:13 GMT+0530 (India Standard Time) \n req URL: /api/users/signin \n reqBody: {}","service":"user-service"}
{"level":"info","message":"Fri Dec 01 2023 00:03:17 GMT+0530 (India Standard Time) \n req URL: /api/users/signin \n reqBody: {\"email\":\"d2d@gmail.com\",\"password\":\"d2d@gmail.com\"}","service":"user-service"}
{"level":"info","message":"Fri Dec 01 2023 00:03:17 GMT+0530 (India Standard Time) \n req URL: /api/users/homePage \n reqBody: {}","service":"user-service"}
{"level":"info","message":"Fri Dec 01 2023 00:03:17 GMT+0530 (India Standard Time) \n req URL: /api/users/homePage \n reqBody: {}","service":"user-service"}
{"level":"info","message":"Fri Dec 01 2023 00:03:20 GMT+0530 (India Standard Time) \n req URL: /api/users/logout \n reqBody: {}","service":"user-service"}
{"level":"info","message":"Fri Dec 01 2023 00:04:22 GMT+0530 (India Standard Time) \n req URL: /api/users/signin \n reqBody: {}","service":"user-service"}
{"level":"info","message":"Fri Dec 01 2023 00:04:26 GMT+0530 (India Standard Time) \n req URL: /api/users/signin \n reqBody: {\"email\":\"d2d@gmail.com\",\"password\":\"d2d@gmail.com\"}","service":"user-service"}
{"level":"info","message":"Fri Dec 01 2023 00:04:26 GMT+0530 (India Standard Time) \n req URL: /api/users/homePage \n reqBody: {}","service":"user-service"}
{"level":"info","message":"Fri Dec 01 2023 00:04:26 GMT+0530 (India Standard Time) \n req URL: /api/users/homePage \n reqBody: {}","service":"user-service"}
{"level":"info","message":"Fri Dec 01 2023 00:04:31 GMT+0530 (India Standard Time) \n req URL: /api/users/logout \n reqBody: {}","service":"user-service"}
{"level":"info","message":"Fri Dec 01 2023 00:04:31 GMT+0530 (India Standard Time) \n req URL: /api/users/signup \n reqBody: {}","service":"user-service"}
{"level":"info","message":"Fri Dec 01 2023 00:04:31 GMT+0530 (India Standard Time) \n req URL: /api/users/signup \n reqBody: {}","service":"user-service"}
{"level":"info","message":"Fri Dec 01 2023 00:05:17 GMT+0530 (India Standard Time) \n req URL: /api/users/homePage \n reqBody: {}","service":"user-service"}
{"level":"info","message":"Fri Dec 01 2023 00:05:20 GMT+0530 (India Standard Time) \n req URL: /api/users/resetPassword? \n reqBody: {}","service":"user-service"}
{"level":"info","message":"Fri Dec 01 2023 00:06:59 GMT+0530 (India Standard Time) \n req URL: /api/users/signup \n reqBody: {}","service":"user-service"}
{"level":"info","message":"Fri Dec 01 2023 00:07:13 GMT+0530 (India Standard Time) \n req URL: /api/users/signup \n reqBody: {}","service":"user-service"}
{"level":"info","message":"Fri Dec 01 2023 00:08:15 GMT+0530 (India Standard Time) \n req URL: /api/users/signup \n reqBody: {}","service":"user-service"}
{"level":"info","message":"Fri Dec 01 2023 00:09:42 GMT+0530 (India Standard Time) \n req URL: /api/users/signup \n reqBody: {}","service":"user-service"}
{"level":"info","message":"Fri Dec 01 2023 00:09:48 GMT+0530 (India Standard Time) \n req URL: /api/users/homePage \n reqBody: {}","service":"user-service"}
{"level":"info","message":"Fri Dec 01 2023 00:09:50 GMT+0530 (India Standard Time) \n req URL: /api/users/logout \n reqBody: {}","service":"user-service"}
{"level":"info","message":"Fri Dec 01 2023 00:13:05 GMT+0530 (India Standard Time) \n req URL: /api/users/signup \n reqBody: {}","service":"user-service"}
{"level":"info","message":"Fri Dec 01 2023 00:13:08 GMT+0530 (India Standard Time) \n req URL: /api/users/homePage \n reqBody: {}","service":"user-service"}
{"level":"info","message":"Fri Dec 01 2023 00:13:10 GMT+0530 (India Standard Time) \n req URL: /api/users/logout \n reqBody: {}","service":"user-service"}
{"level":"info","message":"Fri Dec 01 2023 00:15:14 GMT+0530 (India Standard Time) \n req URL: /api/users/signup \n reqBody: {}","service":"user-service"}
{"level":"info","message":"Fri Dec 01 2023 00:15:51 GMT+0530 (India Standard Time) \n req URL: /api/users/signup \n reqBody: {}","service":"user-service"}
{"level":"info","message":"Fri Dec 01 2023 00:16:04 GMT+0530 (India Standard Time) \n req URL: /api/users/signup \n reqBody: {}","service":"user-service"}
{"level":"info","message":"Fri Dec 01 2023 00:16:12 GMT+0530 (India Standard Time) \n req URL: /api/users/signup \n reqBody: {}","service":"user-service"}
{"level":"info","message":"Fri Dec 01 2023 00:16:30 GMT+0530 (India Standard Time) \n req URL: /api/users/signup \n reqBody: {}","service":"user-service"}
{"level":"info","message":"Fri Dec 01 2023 00:16:47 GMT+0530 (India Standard Time) \n req URL: /api/users/signup \n reqBody: {}","service":"user-service"}
{"level":"info","message":"Fri Dec 01 2023 00:16:52 GMT+0530 (India Standard Time) \n req URL: /api/users/signup \n reqBody: {}","service":"user-service"}
{"level":"info","message":"Fri Dec 01 2023 00:17:44 GMT+0530 (India Standard Time) \n req URL: /api/users/signup \n reqBody: {}","service":"user-service"}
{"level":"info","message":"Fri Dec 01 2023 00:17:51 GMT+0530 (India Standard Time) \n req URL: /api/users/signup \n reqBody: {}","service":"user-service"}
{"level":"info","message":"Fri Dec 01 2023 00:17:57 GMT+0530 (India Standard Time) \n req URL: /api/users/signin? \n reqBody: {}","service":"user-service"}
{"level":"info","message":"Fri Dec 01 2023 00:18:02 GMT+0530 (India Standard Time) \n req URL: /api/users/signup \n reqBody: {}","service":"user-service"}
{"level":"info","message":"Fri Dec 01 2023 00:18:05 GMT+0530 (India Standard Time) \n req URL: /api/users/homePage \n reqBody: {}","service":"user-service"}
{"level":"info","message":"Fri Dec 01 2023 00:18:09 GMT+0530 (India Standard Time) \n req URL: /api/users/logout \n reqBody: {}","service":"user-service"}
{"level":"info","message":"Fri Dec 01 2023 00:20:19 GMT+0530 (India Standard Time) \n req URL: /api/users/homePage \n reqBody: {}","service":"user-service"}
{"level":"info","message":"Fri Dec 01 2023 00:20:22 GMT+0530 (India Standard Time) \n req URL: /api/users/signup \n reqBody: {}","service":"user-service"}
{"level":"info","message":"Fri Dec 01 2023 00:20:27 GMT+0530 (India Standard Time) \n req URL: /api/users/homePage \n reqBody: {}","service":"user-service"}
{"level":"info","message":"Fri Dec 01 2023 00:20:55 GMT+0530 (India Standard Time) \n req URL: /api/users/signup \n reqBody: {}","service":"user-service"}
{"level":"info","message":"Fri Dec 01 2023 00:20:58 GMT+0530 (India Standard Time) \n req URL: /api/users/homePage \n reqBody: {}","service":"user-service"}
{"level":"info","message":"Fri Dec 01 2023 00:21:44 GMT+0530 (India Standard Time) \n req URL: /api/users/signup \n reqBody: {}","service":"user-service"}
{"level":"info","message":"Fri Dec 01 2023 00:21:47 GMT+0530 (India Standard Time) \n req URL: /api/users/homePage \n reqBody: {}","service":"user-service"}
{"level":"info","message":"Fri Dec 01 2023 00:22:21 GMT+0530 (India Standard Time) \n req URL: /api/users/homePage \n reqBody: {}","service":"user-service"}
{"level":"info","message":"Fri Dec 01 2023 00:22:23 GMT+0530 (India Standard Time) \n req URL: /api/users/signup \n reqBody: {}","service":"user-service"}
{"level":"info","message":"Fri Dec 01 2023 00:22:43 GMT+0530 (India Standard Time) \n req URL: /api/users/signup \n reqBody: {}","service":"user-service"}
{"level":"info","message":"Fri Dec 01 2023 00:22:46 GMT+0530 (India Standard Time) \n req URL: /api/users/homePage \n reqBody: {}","service":"user-service"}
{"level":"info","message":"Fri Dec 01 2023 00:25:36 GMT+0530 (India Standard Time) \n req URL: /api/users/signup \n reqBody: {}","service":"user-service"}
{"level":"info","message":"Fri Dec 01 2023 00:28:11 GMT+0530 (India Standard Time) \n req URL: /api/users/signup \n reqBody: {}","service":"user-service"}
{"level":"info","message":"Fri Dec 01 2023 00:29:18 GMT+0530 (India Standard Time) \n req URL: /api/users/signup \n reqBody: {}","service":"user-service"}
{"level":"info","message":"Fri Dec 01 2023 00:29:21 GMT+0530 (India Standard Time) \n req URL: /api/users/homePage \n reqBody: {}","service":"user-service"}
{"level":"info","message":"Fri Dec 01 2023 00:30:02 GMT+0530 (India Standard Time) \n req URL: /api/users/resetPassword? \n reqBody: {}","service":"user-service"}
{"level":"info","message":"Fri Dec 01 2023 00:30:11 GMT+0530 (India Standard Time) \n req URL: /api/users/signin \n reqBody: {}","service":"user-service"}
{"level":"info","message":"Fri Dec 01 2023 00:30:34 GMT+0530 (India Standard Time) \n req URL: /api/users/signin \n reqBody: {\"email\":\"d2d@gmail.com\",\"password\":\"d2d@gmail.com\"}","service":"user-service"}
{"level":"info","message":"Fri Dec 01 2023 00:30:34 GMT+0530 (India Standard Time) \n req URL: /api/users/homePage \n reqBody: {}","service":"user-service"}
{"level":"info","message":"Fri Dec 01 2023 00:30:34 GMT+0530 (India Standard Time) \n req URL: /api/users/homePage \n reqBody: {}","service":"user-service"}
{"level":"info","message":"Fri Dec 01 2023 00:30:36 GMT+0530 (India Standard Time) \n req URL: /api/users/resetPassword? \n reqBody: {}","service":"user-service"}
{"level":"info","message":"Fri Dec 01 2023 00:30:41 GMT+0530 (India Standard Time) \n req URL: /api/users/resetPassword \n reqBody: {\"newPassword\":\"d2d@gmail.comm\"}","service":"user-service"}
{"level":"info","message":"Fri Dec 01 2023 00:30:41 GMT+0530 (India Standard Time) \n req URL: /api/users/homePage \n reqBody: {}","service":"user-service"}
{"level":"info","message":"Fri Dec 01 2023 00:30:41 GMT+0530 (India Standard Time) \n req URL: /api/users/homePage \n reqBody: {}","service":"user-service"}
{"level":"info","message":"Fri Dec 01 2023 00:30:46 GMT+0530 (India Standard Time) \n req URL: /api/users/logout \n reqBody: {}","service":"user-service"}
{"level":"info","message":"Fri Dec 01 2023 00:30:46 GMT+0530 (India Standard Time) \n req URL: /api/users/signup \n reqBody: {}","service":"user-service"}
{"level":"info","message":"Fri Dec 01 2023 00:30:46 GMT+0530 (India Standard Time) \n req URL: /api/users/signup \n reqBody: {}","service":"user-service"}
{"level":"info","message":"Fri Dec 01 2023 00:30:49 GMT+0530 (India Standard Time) \n req URL: /api/users/signin? \n reqBody: {}","service":"user-service"}
{"level":"info","message":"Fri Dec 01 2023 00:30:52 GMT+0530 (India Standard Time) \n req URL: /api/users/signin \n reqBody: {\"email\":\"d2d@gmail.com\",\"password\":\"d2d@gmail.com\"}","service":"user-service"}
{"level":"info","message":"Fri Dec 01 2023 00:30:56 GMT+0530 (India Standard Time) \n req URL: /api/users/signin \n reqBody: {\"email\":\"d2d@gmail.com\",\"password\":\"d2d@gmail.comm\"}","service":"user-service"}
{"level":"info","message":"Fri Dec 01 2023 00:30:56 GMT+0530 (India Standard Time) \n req URL: /api/users/homePage \n reqBody: {}","service":"user-service"}
{"level":"info","message":"Fri Dec 01 2023 00:30:56 GMT+0530 (India Standard Time) \n req URL: /api/users/homePage \n reqBody: {}","service":"user-service"}
{"level":"info","message":"Fri Dec 01 2023 00:45:58 GMT+0530 (India Standard Time) \n req URL: /api/users/signup \n reqBody: {}","service":"user-service"}
{"level":"info","message":"Fri Dec 01 2023 00:46:00 GMT+0530 (India Standard Time) \n req URL: /api/users/signin? \n reqBody: {}","service":"user-service"}
{"level":"info","message":"Fri Dec 01 2023 00:46:05 GMT+0530 (India Standard Time) \n req URL: /api/users/signin \n reqBody: {\"email\":\"d2d@gmail.com\",\"password\":\"d2d@gmail.comm\"}","service":"user-service"}
{"level":"info","message":"Fri Dec 01 2023 00:46:05 GMT+0530 (India Standard Time) \n req URL: /api/users/homePage \n reqBody: {}","service":"user-service"}
{"level":"info","message":"Fri Dec 01 2023 00:46:05 GMT+0530 (India Standard Time) \n req URL: /api/users/homePage \n reqBody: {}","service":"user-service"}
{"level":"info","message":"Fri Dec 01 2023 00:46:19 GMT+0530 (India Standard Time) \n req URL: /api/users/signup \n reqBody: {}","service":"user-service"}
{"level":"info","message":"Fri Dec 01 2023 00:46:45 GMT+0530 (India Standard Time) \n req URL: /api/users/homePage \n reqBody: {}","service":"user-service"}
{"level":"info","message":"Fri Dec 01 2023 00:49:18 GMT+0530 (India Standard Time) \n req URL: /api/users/signup \n reqBody: {}","service":"user-service"}
{"level":"info","message":"Fri Dec 01 2023 00:49:20 GMT+0530 (India Standard Time) \n req URL: /api/users/homePage \n reqBody: {}","service":"user-service"}
{"level":"info","message":"Fri Dec 01 2023 00:50:34 GMT+0530 (India Standard Time) \n req URL: /api/users/signup \n reqBody: {}","service":"user-service"}
{"level":"info","message":"Fri Dec 01 2023 00:50:36 GMT+0530 (India Standard Time) \n req URL: /auth/google \n reqBody: {}","service":"user-service"}
{"level":"info","message":"Fri Dec 01 2023 00:50:36 GMT+0530 (India Standard Time) \n req URL: /auth/google \n reqBody: {}","service":"user-service"}
{"level":"info","message":"Fri Dec 01 2023 00:50:36 GMT+0530 (India Standard Time) \n req URL: /auth/google \n reqBody: {}","service":"user-service"}
{"level":"info","message":"Fri Dec 01 2023 00:50:37 GMT+0530 (India Standard Time) \n req URL: /auth/google \n reqBody: {}","service":"user-service"}
{"level":"info","message":"Fri Dec 01 2023 00:50:42 GMT+0530 (India Standard Time) \n req URL: /auth/google \n reqBody: {}","service":"user-service"}
{"level":"info","message":"Fri Dec 01 2023 00:51:12 GMT+0530 (India Standard Time) \n req URL: /auth/google \n reqBody: {}","service":"user-service"}
{"level":"info","message":"Fri Dec 01 2023 00:52:40 GMT+0530 (India Standard Time) \n req URL: /api/users/signup \n reqBody: {}","service":"user-service"}
{"level":"info","message":"Fri Dec 01 2023 00:53:01 GMT+0530 (India Standard Time) \n req URL: /auth/google \n reqBody: {}","service":"user-service"}
{"level":"info","message":"Fri Dec 01 2023 00:53:02 GMT+0530 (India Standard Time) \n req URL: /auth/google \n reqBody: {}","service":"user-service"}
{"level":"info","message":"Fri Dec 01 2023 00:53:02 GMT+0530 (India Standard Time) \n req URL: /auth/google \n reqBody: {}","service":"user-service"}
{"level":"info","message":"Fri Dec 01 2023 00:53:02 GMT+0530 (India Standard Time) \n req URL: /auth/google \n reqBody: {}","service":"user-service"}
{"level":"info","message":"Fri Dec 01 2023 00:53:07 GMT+0530 (India Standard Time) \n req URL: /auth/google \n reqBody: {}","service":"user-service"}
{"level":"info","message":"Fri Dec 01 2023 00:54:45 GMT+0530 (India Standard Time) \n req URL: /api/users/signup \n reqBody: {}","service":"user-service"}
{"level":"info","message":"Fri Dec 01 2023 00:54:48 GMT+0530 (India Standard Time) \n req URL: /auth/google \n reqBody: {}","service":"user-service"}
{"level":"info","message":"Fri Dec 01 2023 00:54:48 GMT+0530 (India Standard Time) \n req URL: /auth/google/callback?code=4%2F0AfJohXmyPS0jo29qn0RzedtstdIhsHcxeyFl2tiaMyQkdvd4f1J9CpXcH9yR_Kmjhuk_7w&scope=email+profile+https%3A%2F%2Fwww.googleapis.com%2Fauth%2Fuserinfo.email+openid+https%3A%2F%2Fwww.googleapis.com%2Fauth%2Fuserinfo.profile&authuser=0&prompt=none \n reqBody: {}","service":"user-service"}
{"level":"info","message":"Fri Dec 01 2023 00:55:35 GMT+0530 (India Standard Time) \n req URL: /api/users/signup \n reqBody: {}","service":"user-service"}
{"level":"info","message":"Fri Dec 01 2023 00:55:38 GMT+0530 (India Standard Time) \n req URL: /auth/google \n reqBody: {}","service":"user-service"}
{"level":"info","message":"Fri Dec 01 2023 00:55:38 GMT+0530 (India Standard Time) \n req URL: /auth/google/callback?code=4%2F0AfJohXmzvVU8KZ7C73zj-OomQnhyYwysaJ2sadtCENKDB-zxo99FyLv0otYJ-navNujo6Q&scope=email+profile+https%3A%2F%2Fwww.googleapis.com%2Fauth%2Fuserinfo.email+openid+https%3A%2F%2Fwww.googleapis.com%2Fauth%2Fuserinfo.profile&authuser=0&prompt=none \n reqBody: {}","service":"user-service"}
{"level":"info","message":"Fri Dec 01 2023 00:56:43 GMT+0530 (India Standard Time) \n req URL: /api/users/signup \n reqBody: {}","service":"user-service"}
{"level":"info","message":"Fri Dec 01 2023 00:57:29 GMT+0530 (India Standard Time) \n req URL: /auth/google \n reqBody: {}","service":"user-service"}
{"level":"info","message":"Fri Dec 01 2023 00:57:29 GMT+0530 (India Standard Time) \n req URL: /auth/google/callback?code=4%2F0AfJohXmRNvFjtvtIDmMUbQJ1arFtztbqfaoO5tW6p2Kc4NamefDsIimy-Crdd_GBjPxtZQ&scope=email+profile+https%3A%2F%2Fwww.googleapis.com%2Fauth%2Fuserinfo.email+openid+https%3A%2F%2Fwww.googleapis.com%2Fauth%2Fuserinfo.profile&authuser=0&prompt=none \n reqBody: {}","service":"user-service"}
{"level":"info","message":"Fri Dec 01 2023 00:59:01 GMT+0530 (India Standard Time) \n req URL: /api/users/signup \n reqBody: {}","service":"user-service"}
{"level":"info","message":"Fri Dec 01 2023 00:59:04 GMT+0530 (India Standard Time) \n req URL: /auth/google \n reqBody: {}","service":"user-service"}
{"level":"info","message":"Fri Dec 01 2023 00:59:04 GMT+0530 (India Standard Time) \n req URL: /auth/google/callback?code=4%2F0AfJohXmKHPXVqVYNmDyZwJRaTjyPebSArA2ZOKoCYLF-P7o-tG6OlXWQGVxlh0CAof2zOA&scope=email+profile+https%3A%2F%2Fwww.googleapis.com%2Fauth%2Fuserinfo.email+https%3A%2F%2Fwww.googleapis.com%2Fauth%2Fuserinfo.profile+openid&authuser=0&prompt=none \n reqBody: {}","service":"user-service"}
{"level":"info","message":"Fri Dec 01 2023 01:00:15 GMT+0530 (India Standard Time) \n req URL: /api/users/signup \n reqBody: {}","service":"user-service"}
{"level":"info","message":"Fri Dec 01 2023 01:00:41 GMT+0530 (India Standard Time) \n req URL: /api/users/homePage \n reqBody: {}","service":"user-service"}
{"level":"info","message":"Fri Dec 01 2023 01:01:44 GMT+0530 (India Standard Time) \n req URL: /api/users/homePage \n reqBody: {}","service":"user-service"}
{"level":"info","message":"Fri Dec 01 2023 01:01:49 GMT+0530 (India Standard Time) \n req URL: /api/users/signup \n reqBody: {}","service":"user-service"}
{"level":"info","message":"Fri Dec 01 2023 01:02:23 GMT+0530 (India Standard Time) \n req URL: /api/users/signup \n reqBody: {}","service":"user-service"}
{"level":"info","message":"Fri Dec 01 2023 01:02:36 GMT+0530 (India Standard Time) \n req URL: /api/users/signup \n reqBody: {}","service":"user-service"}
{"level":"info","message":"Fri Dec 01 2023 01:02:42 GMT+0530 (India Standard Time) \n req URL: /api/users/signin? \n reqBody: {}","service":"user-service"}
{"level":"info","message":"Fri Dec 01 2023 01:02:57 GMT+0530 (India Standard Time) \n req URL: /api/users/signin \n reqBody: {\"email\":\"d2d@gmail.com\",\"password\":\"d2d@gmail.comm\"}","service":"user-service"}
{"level":"info","message":"Fri Dec 01 2023 01:02:57 GMT+0530 (India Standard Time) \n req URL: /api/users/homePage \n reqBody: {}","service":"user-service"}
{"level":"info","message":"Fri Dec 01 2023 01:02:57 GMT+0530 (India Standard Time) \n req URL: /api/users/homePage \n reqBody: {}","service":"user-service"}
{"level":"info","message":"Fri Dec 01 2023 01:03:05 GMT+0530 (India Standard Time) \n req URL: /api/users/logout \n reqBody: {}","service":"user-service"}
{"level":"info","message":"Fri Dec 01 2023 01:03:05 GMT+0530 (India Standard Time) \n req URL: /api/users/signup \n reqBody: {}","service":"user-service"}
{"level":"info","message":"Fri Dec 01 2023 01:03:05 GMT+0530 (India Standard Time) \n req URL: /api/users/signup \n reqBody: {}","service":"user-service"}
{"level":"info","message":"Fri Dec 01 2023 01:03:15 GMT+0530 (India Standard Time) \n req URL: /api/users/homePage \n reqBody: {}","service":"user-service"}
{"level":"info","message":"Fri Dec 01 2023 01:04:35 GMT+0530 (India Standard Time) \n req URL: /api/users/signup \n reqBody: {}","service":"user-service"}
{"level":"info","message":"Fri Dec 01 2023 01:04:40 GMT+0530 (India Standard Time) \n req URL: /api/users/homePage \n reqBody: {}","service":"user-service"}
{"level":"info","message":"Fri Dec 01 2023 01:06:14 GMT+0530 (India Standard Time) \n req URL: /api/users/signup \n reqBody: {}","service":"user-service"}
{"level":"info","message":"Fri Dec 01 2023 01:06:19 GMT+0530 (India Standard Time) \n req URL: /api/users/homePage \n reqBody: {}","service":"user-service"}
{"level":"info","message":"Fri Dec 01 2023 01:09:39 GMT+0530 (India Standard Time) \n req URL: /api/users/signup \n reqBody: {}","service":"user-service"}
{"level":"info","message":"Fri Dec 01 2023 01:10:21 GMT+0530 (India Standard Time) \n req URL: /api/users/signup \n reqBody: {}","service":"user-service"}
{"level":"info","message":"Fri Dec 01 2023 01:10:24 GMT+0530 (India Standard Time) \n req URL: /api/users/signup \n reqBody: {\"name\":\"Prateek Srivastava\",\"email\":\"prateeksdr4@gmail.com\",\"password\":\"prateeksdr4@gmail.com\"}","service":"user-service"}
{"level":"info","message":"Fri Dec 01 2023 01:10:24 GMT+0530 (India Standard Time) \n req URL: /api/users/homePage \n reqBody: {}","service":"user-service"}
{"level":"info","message":"Fri Dec 01 2023 01:10:56 GMT+0530 (India Standard Time) \n req URL: /api/users/logout \n reqBody: {}","service":"user-service"}
{"level":"info","message":"Fri Dec 01 2023 01:12:34 GMT+0530 (India Standard Time) \n req URL: /api/users/signup \n reqBody: {}","service":"user-service"}
{"level":"info","message":"Fri Dec 01 2023 01:12:38 GMT+0530 (India Standard Time) \n req URL: /api/users/signup \n reqBody: {\"name\":\"Prateek Srivastava\",\"email\":\"prateeksdr4@gmail.com\",\"password\":\"prateeksdr4@gmail.com\"}","service":"user-service"}
{"level":"info","message":"Fri Dec 01 2023 01:12:38 GMT+0530 (India Standard Time) \n req URL: /api/users/homePage \n reqBody: {}","service":"user-service"}
{"level":"info","message":"Fri Dec 01 2023 01:12:44 GMT+0530 (India Standard Time) \n req URL: /api/users/logout \n reqBody: {}","service":"user-service"}
{"level":"info","message":"Fri Dec 01 2023 01:15:23 GMT+0530 (India Standard Time) \n req URL: /api/users/signup \n reqBody: {}","service":"user-service"}
{"level":"info","message":"Fri Dec 01 2023 01:15:28 GMT+0530 (India Standard Time) \n req URL: /api/users/signup \n reqBody: {\"name\":\"Prateek Srivastava\",\"email\":\"prateeksdr4@gmail.com\",\"password\":\"prateeksdr4@gmail.com\"}","service":"user-service"}
{"level":"info","message":"Fri Dec 01 2023 01:15:28 GMT+0530 (India Standard Time) \n req URL: /api/users/signin \n reqBody: {}","service":"user-service"}
{"level":"info","message":"Fri Dec 01 2023 01:15:38 GMT+0530 (India Standard Time) \n req URL: /api/users/signin \n reqBody: {\"email\":\"prateeksdr4@gmail.com\",\"password\":\"prateeksdr4@gmail.com\"}","service":"user-service"}
{"level":"info","message":"Fri Dec 01 2023 01:15:39 GMT+0530 (India Standard Time) \n req URL: /api/users/homePage \n reqBody: {}","service":"user-service"}
{"level":"info","message":"Fri Dec 01 2023 01:15:39 GMT+0530 (India Standard Time) \n req URL: /api/users/homePage \n reqBody: {}","service":"user-service"}
{"level":"info","message":"Fri Dec 01 2023 01:15:44 GMT+0530 (India Standard Time) \n req URL: /api/users/logout \n reqBody: {}","service":"user-service"}
{"level":"info","message":"Fri Dec 01 2023 01:15:45 GMT+0530 (India Standard Time) \n req URL: /api/users/signup \n reqBody: {}","service":"user-service"}
{"level":"info","message":"Fri Dec 01 2023 01:15:45 GMT+0530 (India Standard Time) \n req URL: /api/users/signup \n reqBody: {}","service":"user-service"}
{"level":"info","message":"Fri Dec 01 2023 01:19:28 GMT+0530 (India Standard Time) \n req URL: /api/otp/send \n reqBody: {\"email\":\"prateeksdr4@gmail.com\"}","service":"user-service"}
{"level":"info","message":"Fri Dec 01 2023 01:21:20 GMT+0530 (India Standard Time) \n req URL: /api/users/signup \n reqBody: {\"name\":\"Prateek Srivastava\",\"email\":\"prateeksdr4@gmail.com\",\"password\":\"prateeksdr4@gmail.com\"}","service":"user-service"}
{"level":"info","message":"Fri Dec 01 2023 01:21:20 GMT+0530 (India Standard Time) \n req URL: /api/users/signin \n reqBody: {}","service":"user-service"}
{"level":"info","message":"Fri Dec 01 2023 01:21:33 GMT+0530 (India Standard Time) \n req URL: /api/users/signin \n reqBody: {\"email\":\"prateeksdr4@gmail.com\",\"password\":\"prateeksdr4@gmail.com\"}","service":"user-service"}
{"level":"info","message":"Fri Dec 01 2023 01:21:34 GMT+0530 (India Standard Time) \n req URL: /api/users/homePage \n reqBody: {}","service":"user-service"}
{"level":"info","message":"Fri Dec 01 2023 01:21:34 GMT+0530 (India Standard Time) \n req URL: /api/users/homePage \n reqBody: {}","service":"user-service"}
{"level":"info","message":"Fri Dec 01 2023 01:21:40 GMT+0530 (India Standard Time) \n req URL: /api/otp/send \n reqBody: {\"email\":\"prateeksdr4@gmail.com\"}","service":"user-service"}
{"level":"info","message":"Fri Dec 01 2023 01:21:50 GMT+0530 (India Standard Time) \n req URL: /api/users/homePage \n reqBody: {}","service":"user-service"}
{"level":"info","message":"Fri Dec 01 2023 01:22:19 GMT+0530 (India Standard Time) \n req URL: /api/users/signin \n reqBody: {\"email\":\"prateeksdr4@gmail.com\",\"password\":\"prateeksdr4@gmail.com\"}","service":"user-service"}
{"level":"info","message":"Fri Dec 01 2023 01:22:38 GMT+0530 (India Standard Time) \n req URL: /api/otp/send \n reqBody: {\"email\":\"prateeksdr4@gmail.com\"}","service":"user-service"}
{"level":"info","message":"Fri Dec 01 2023 01:23:46 GMT+0530 (India Standard Time) \n req URL: /api/users/signup \n reqBody: {\"name\":\"prateeksdr1\",\"email\":\"prateeksdr1@gmail.com\",\"password\":\"prateeksdr1@gmail.com\"}","service":"user-service"}
{"level":"info","message":"Fri Dec 01 2023 01:25:50 GMT+0530 (India Standard Time) \n req URL: /api/otp/send \n reqBody: {\"email\":\"prateeksdr4@gmail.com\"}","service":"user-service"}
{"level":"info","message":"Fri Dec 01 2023 01:26:24 GMT+0530 (India Standard Time) \n req URL: /api/otp/send \n reqBody: {\"email\":\"prateeksdr4@gmail.com\"}","service":"user-service"}
{"level":"info","message":"Fri Dec 01 2023 01:27:21 GMT+0530 (India Standard Time) \n req URL: /api/otp/send \n reqBody: {\"email\":\"prateeksdr4@gmail.com\"}","service":"user-service"}
{"level":"info","message":"Fri Dec 01 2023 01:31:24 GMT+0530 (India Standard Time) \n req URL: /api/otp/send \n reqBody: {\"email\":\"prateeksdr4@gmail.com\"}","service":"user-service"}
{"level":"info","message":"Fri Dec 01 2023 01:34:47 GMT+0530 (India Standard Time) \n req URL: /api/otp/send \n reqBody: {\"email\":\"prateeksdr4@gmail.com\"}","service":"user-service"}
{"level":"info","message":"Fri Dec 01 2023 01:35:28 GMT+0530 (India Standard Time) \n req URL: /api/otp/send \n reqBody: {\"email\":\"prateeksdr4@gmail.com\"}","service":"user-service"}
{"level":"info","message":"Fri Dec 01 2023 01:36:11 GMT+0530 (India Standard Time) \n req URL: /api/otp/send \n reqBody: {\"email\":\"prateeksdr4@gmail.com\"}","service":"user-service"}
{"level":"info","message":"Fri Dec 01 2023 01:38:20 GMT+0530 (India Standard Time) \n req URL: /api/otp/send \n reqBody: {\"email\":\"prateeksdr4@gmail.com\"}","service":"user-service"}
{"level":"info","message":"Fri Dec 01 2023 01:38:35 GMT+0530 (India Standard Time) \n req URL: /api/users/signin \n reqBody: {\"email\":\"prateeksdr1@gmail.com\",\"password\":\"prateeksdr1@gmail.com\"}","service":"user-service"}
{"level":"info","message":"Fri Dec 01 2023 01:39:01 GMT+0530 (India Standard Time) \n req URL: /api/otp/send \n reqBody: {\"email\":\"prateeksdr4@gmail.com\"}","service":"user-service"}
{"level":"info","message":"Fri Dec 01 2023 01:41:17 GMT+0530 (India Standard Time) \n req URL: /api/users/signup \n reqBody: {}","service":"user-service"}
{"level":"info","message":"Fri Dec 01 2023 01:41:25 GMT+0530 (India Standard Time) \n req URL: /api/users/signup \n reqBody: {}","service":"user-service"}
{"level":"info","message":"Fri Dec 01 2023 01:42:21 GMT+0530 (India Standard Time) \n req URL: /api/users/signup \n reqBody: {\"name\":\"Prateek Srivastava\",\"email\":\"prateeksdr4@gmail.com\",\"password\":\"prateeksdr4@gmail.com\"}","service":"user-service"}
{"level":"info","message":"Fri Dec 01 2023 01:42:21 GMT+0530 (India Standard Time) \n req URL: /api/users/signin \n reqBody: {}","service":"user-service"}
{"level":"info","message":"Fri Dec 01 2023 01:42:32 GMT+0530 (India Standard Time) \n req URL: /api/users/signin \n reqBody: {\"email\":\"prateeksdr4@gmail.com\",\"password\":\"prateeksdr4@gmail.com\"}","service":"user-service"}
{"level":"info","message":"Fri Dec 01 2023 01:42:32 GMT+0530 (India Standard Time) \n req URL: /api/users/homePage \n reqBody: {}","service":"user-service"}
{"level":"info","message":"Fri Dec 01 2023 01:42:32 GMT+0530 (India Standard Time) \n req URL: /api/users/homePage \n reqBody: {}","service":"user-service"}
{"level":"info","message":"Fri Dec 01 2023 01:43:18 GMT+0530 (India Standard Time) \n req URL: /api/users/logout \n reqBody: {}","service":"user-service"}
{"level":"info","message":"Fri Dec 01 2023 01:43:18 GMT+0530 (India Standard Time) \n req URL: /api/users/signup \n reqBody: {}","service":"user-service"}
{"level":"info","message":"Fri Dec 01 2023 01:43:18 GMT+0530 (India Standard Time) \n req URL: /api/users/signup \n reqBody: {}","service":"user-service"}
{"level":"info","message":"Fri Dec 01 2023 01:43:29 GMT+0530 (India Standard Time) \n req URL: /api/users/signin? \n reqBody: {}","service":"user-service"}
{"level":"info","message":"Fri Dec 01 2023 01:43:39 GMT+0530 (India Standard Time) \n req URL: /api/users/signup \n reqBody: {}","service":"user-service"}
{"level":"info","message":"Fri Dec 01 2023 01:43:43 GMT+0530 (India Standard Time) \n req URL: /api/users/homePage \n reqBody: {}","service":"user-service"}
{"level":"info","message":"Fri Dec 01 2023 01:46:31 GMT+0530 (India Standard Time) \n req URL: /api/users/homePage \n reqBody: {}","service":"user-service"}
{"level":"info","message":"Fri Dec 01 2023 01:46:40 GMT+0530 (India Standard Time) \n req URL: /api/users/signin \n reqBody: {}","service":"user-service"}
{"level":"info","message":"Fri Dec 01 2023 01:48:01 GMT+0530 (India Standard Time) \n req URL: /api/users/signin \n reqBody: {\"email\":\"prateeksdr4@gmail.com\",\"password\":\"prateeksdr4@gmail.com\"}","service":"user-service"}
{"level":"info","message":"Fri Dec 01 2023 01:48:01 GMT+0530 (India Standard Time) \n req URL: /api/users/homePage \n reqBody: {}","service":"user-service"}
{"level":"info","message":"Fri Dec 01 2023 01:48:01 GMT+0530 (India Standard Time) \n req URL: /api/users/homePage \n reqBody: {}","service":"user-service"}
{"level":"info","message":"Fri Dec 01 2023 01:48:11 GMT+0530 (India Standard Time) \n req URL: /api/users/signin \n reqBody: {\"email\":\"prateeksdr1@gmail.com\",\"password\":\"prateeksdr1@gmail.com\"}","service":"user-service"}
{"level":"info","message":"Fri Dec 01 2023 01:48:21 GMT+0530 (India Standard Time) \n req URL: /api/otp/send \n reqBody: {\"email\":\"prateeksdr4@gmail.com\"}","service":"user-service"}
{"level":"info","message":"Fri Dec 01 2023 01:57:45 GMT+0530 (India Standard Time) \n req URL: /api/users/homePage \n reqBody: {}","service":"user-service"}
{"level":"info","message":"Fri Dec 01 2023 01:57:49 GMT+0530 (India Standard Time) \n req URL: /api/users/signup \n reqBody: {}","service":"user-service"}
{"level":"info","message":"Fri Dec 01 2023 01:59:59 GMT+0530 (India Standard Time) \n req URL: /api/users/homePage \n reqBody: {}","service":"user-service"}
{"level":"info","message":"Fri Dec 01 2023 02:00:02 GMT+0530 (India Standard Time) \n req URL: /api/users/logout \n reqBody: {}","service":"user-service"}
{"level":"info","message":"Fri Dec 01 2023 02:00:02 GMT+0530 (India Standard Time) \n req URL: /api/users/signup \n reqBody: {}","service":"user-service"}
{"level":"info","message":"Fri Dec 01 2023 02:00:02 GMT+0530 (India Standard Time) \n req URL: /api/users/signup \n reqBody: {}","service":"user-service"}
{"level":"info","message":"Fri Dec 01 2023 02:00:34 GMT+0530 (India Standard Time) \n req URL: /api/users/signup \n reqBody: {}","service":"user-service"}
{"level":"info","message":"Fri Dec 01 2023 02:01:50 GMT+0530 (India Standard Time) \n req URL: /api/users/signup \n reqBody: {\"name\":\"abcde\",\"email\":\"abcde@gmail.com\",\"password\":\"abcde@gmail.com\"}","service":"user-service"}
{"level":"info","message":"Fri Dec 01 2023 02:01:50 GMT+0530 (India Standard Time) \n req URL: /api/users/signin \n reqBody: {}","service":"user-service"}
{"level":"info","message":"Fri Dec 01 2023 02:01:50 GMT+0530 (India Standard Time) \n req URL: /api/users/signin \n reqBody: {}","service":"user-service"}
{"level":"info","message":"Fri Dec 01 2023 02:01:57 GMT+0530 (India Standard Time) \n req URL: /api/users/signin \n reqBody: {\"email\":\"abcde@gmail.com\",\"password\":\"abcde@gmail.com\"}","service":"user-service"}
{"level":"info","message":"Fri Dec 01 2023 02:01:57 GMT+0530 (India Standard Time) \n req URL: /api/users/homePage \n reqBody: {}","service":"user-service"}
{"level":"info","message":"Fri Dec 01 2023 02:01:57 GMT+0530 (India Standard Time) \n req URL: /api/users/homePage \n reqBody: {}","service":"user-service"}
{"level":"info","message":"Fri Dec 01 2023 02:02:03 GMT+0530 (India Standard Time) \n req URL: /api/users/logout \n reqBody: {}","service":"user-service"}
{"level":"info","message":"Fri Dec 01 2023 02:02:04 GMT+0530 (India Standard Time) \n req URL: /api/users/signup \n reqBody: {}","service":"user-service"}
{"level":"info","message":"Fri Dec 01 2023 02:02:04 GMT+0530 (India Standard Time) \n req URL: /api/users/signup \n reqBody: {}","service":"user-service"}
{"level":"info","message":"Fri Dec 01 2023 02:02:57 GMT+0530 (India Standard Time) \n req URL: /api/users/signup \n reqBody: {\"name\":\"Prateek Srivastava\",\"email\":\"prateeksdr4@gmail.com\",\"password\":\"prateeksdr4@gmail.com\"}","service":"user-service"}
{"level":"info","message":"Fri Dec 01 2023 02:02:57 GMT+0530 (India Standard Time) \n req URL: /api/users/signin \n reqBody: {}","service":"user-service"}
{"level":"info","message":"Fri Dec 01 2023 02:03:22 GMT+0530 (India Standard Time) \n req URL: /api/users/signin \n reqBody: {}","service":"user-service"}
{"level":"info","message":"Fri Dec 01 2023 02:03:33 GMT+0530 (India Standard Time) \n req URL: /api/users/signin \n reqBody: {\"email\":\"prateeksdr4@gmail.com\",\"password\":\"prateeksdr4@gmail.com\"}","service":"user-service"}
{"level":"info","message":"Fri Dec 01 2023 02:03:33 GMT+0530 (India Standard Time) \n req URL: /api/users/homePage \n reqBody: {}","service":"user-service"}
{"level":"info","message":"Fri Dec 01 2023 02:03:33 GMT+0530 (India Standard Time) \n req URL: /api/users/homePage \n reqBody: {}","service":"user-service"}
{"level":"info","message":"Fri Dec 01 2023 02:03:35 GMT+0530 (India Standard Time) \n req URL: /api/users/logout \n reqBody: {}","service":"user-service"}
{"level":"info","message":"Fri Dec 01 2023 02:03:35 GMT+0530 (India Standard Time) \n req URL: /api/users/signup \n reqBody: {}","service":"user-service"}
{"level":"info","message":"Fri Dec 01 2023 02:03:35 GMT+0530 (India Standard Time) \n req URL: /api/users/signup \n reqBody: {}","service":"user-service"}
{"level":"info","message":"Fri Dec 01 2023 02:03:38 GMT+0530 (India Standard Time) \n req URL: /api/users/signup \n reqBody: {\"name\":\"Prateek Srivastava\",\"email\":\"prateeksdr4@gmail.com\",\"password\":\"prateeksdr4@gmail.com\"}","service":"user-service"}
{"level":"info","message":"Fri Dec 01 2023 02:03:38 GMT+0530 (India Standard Time) \n req URL: /api/users/signin \n reqBody: {}","service":"user-service"}
{"level":"info","message":"Fri Dec 01 2023 02:03:45 GMT+0530 (India Standard Time) \n req URL: /api/users/signup \n reqBody: {}","service":"user-service"}
{"level":"info","message":"Fri Dec 01 2023 02:05:16 GMT+0530 (India Standard Time) \n req URL: /api/users/signup \n reqBody: {}","service":"user-service"}
{"level":"info","message":"Fri Dec 01 2023 02:05:17 GMT+0530 (India Standard Time) \n req URL: /favicon.ico \n reqBody: {}","service":"user-service"}
{"level":"info","message":"Fri Dec 01 2023 02:07:10 GMT+0530 (India Standard Time) \n req URL: /api/users/signup \n reqBody: {\"name\":\"abcdef\",\"email\":\"abcdef@gmail.com\",\"password\":\"abcdef@gmail.com\"}","service":"user-service"}
{"level":"info","message":"Fri Dec 01 2023 02:07:10 GMT+0530 (India Standard Time) \n req URL: /api/users/signin \n reqBody: {}","service":"user-service"}
{"level":"info","message":"Fri Dec 01 2023 02:07:10 GMT+0530 (India Standard Time) \n req URL: /api/users/signin \n reqBody: {}","service":"user-service"}
{"level":"info","message":"Fri Dec 01 2023 02:07:21 GMT+0530 (India Standard Time) \n req URL: /api/users/signin \n reqBody: {\"email\":\"abcdef@gmail.com\",\"password\":\"abcdef@gmail.com\"}","service":"user-service"}
{"level":"info","message":"Fri Dec 01 2023 02:07:21 GMT+0530 (India Standard Time) \n req URL: /api/users/homePage \n reqBody: {}","service":"user-service"}
{"level":"info","message":"Fri Dec 01 2023 02:07:21 GMT+0530 (India Standard Time) \n req URL: /api/users/homePage \n reqBody: {}","service":"user-service"}
{"level":"info","message":"Fri Dec 01 2023 02:07:29 GMT+0530 (India Standard Time) \n req URL: /api/users/logout \n reqBody: {}","service":"user-service"}
{"level":"info","message":"Fri Dec 01 2023 02:07:29 GMT+0530 (India Standard Time) \n req URL: /api/users/signup \n reqBody: {}","service":"user-service"}
{"level":"info","message":"Fri Dec 01 2023 02:07:29 GMT+0530 (India Standard Time) \n req URL: /api/users/signup \n reqBody: {}","service":"user-service"}
{"level":"info","message":"Fri Dec 01 2023 02:08:00 GMT+0530 (India Standard Time) \n req URL: /api/users/signup \n reqBody: {\"name\":\"Prateek Srivastava\",\"email\":\"prateeksrivastava7275@gmail.com\",\"password\":\"prateeksrivastava7275@gmail.com\"}","service":"user-service"}
{"level":"info","message":"Fri Dec 01 2023 02:08:00 GMT+0530 (India Standard Time) \n req URL: /api/users/signin \n reqBody: {}","service":"user-service"}
{"level":"info","message":"Fri Dec 01 2023 02:08:35 GMT+0530 (India Standard Time) \n req URL: /api/users/signin \n reqBody: {\"email\":\"prateeksrivastava7275@gmail.com\",\"password\":\"prateeksrivastava7275@gmail.com\"}","service":"user-service"}
{"level":"info","message":"Fri Dec 01 2023 02:08:36 GMT+0530 (India Standard Time) \n req URL: /api/users/homePage \n reqBody: {}","service":"user-service"}
{"level":"info","message":"Fri Dec 01 2023 02:08:36 GMT+0530 (India Standard Time) \n req URL: /api/users/homePage \n reqBody: {}","service":"user-service"}
{"level":"info","message":"Fri Dec 01 2023 02:08:40 GMT+0530 (India Standard Time) \n req URL: /api/users/logout \n reqBody: {}","service":"user-service"}
{"level":"info","message":"Fri Dec 01 2023 02:08:40 GMT+0530 (India Standard Time) \n req URL: /api/users/signup \n reqBody: {}","service":"user-service"}
{"level":"info","message":"Fri Dec 01 2023 02:08:40 GMT+0530 (India Standard Time) \n req URL: /api/users/signup \n reqBody: {}","service":"user-service"}
{"level":"info","message":"Fri Dec 01 2023 02:08:44 GMT+0530 (India Standard Time) \n req URL: /api/users/signup \n reqBody: {\"name\":\"Prateek Srivastava\",\"email\":\"prateeksrivastava7275@gmail.com\",\"password\":\"prateeksrivastava7275@gmail.com\"}","service":"user-service"}
{"level":"info","message":"Fri Dec 01 2023 02:08:44 GMT+0530 (India Standard Time) \n req URL: /api/users/signin \n reqBody: {}","service":"user-service"}
{"level":"info","message":"Fri Dec 01 2023 02:09:09 GMT+0530 (India Standard Time) \n req URL: /api/users/signin \n reqBody: {\"email\":\"abcdef@gmail.com\",\"password\":\"abcdef@gmail.com\"}","service":"user-service"}
{"level":"info","message":"Fri Dec 01 2023 02:09:10 GMT+0530 (India Standard Time) \n req URL: /api/users/homePage \n reqBody: {}","service":"user-service"}
{"level":"info","message":"Fri Dec 01 2023 02:09:10 GMT+0530 (India Standard Time) \n req URL: /api/users/homePage \n reqBody: {}","service":"user-service"}
{"level":"info","message":"Fri Dec 01 2023 02:09:12 GMT+0530 (India Standard Time) \n req URL: /api/users/resetPassword? \n reqBody: {}","service":"user-service"}
{"level":"info","message":"Fri Dec 01 2023 02:09:38 GMT+0530 (India Standard Time) \n req URL: /api/users/resetPassword \n reqBody: {\"newPassword\":\"abcdef@gmail.comm\"}","service":"user-service"}
{"level":"info","message":"Fri Dec 01 2023 02:09:38 GMT+0530 (India Standard Time) \n req URL: /api/users/homePage \n reqBody: {}","service":"user-service"}
{"level":"info","message":"Fri Dec 01 2023 02:09:38 GMT+0530 (India Standard Time) \n req URL: /api/users/homePage \n reqBody: {}","service":"user-service"}
{"level":"info","message":"Fri Dec 01 2023 02:09:50 GMT+0530 (India Standard Time) \n req URL: /api/users/resetPassword? \n reqBody: {}","service":"user-service"}
{"level":"info","message":"Fri Dec 01 2023 02:10:15 GMT+0530 (India Standard Time) \n req URL: /api/users/resetPassword? \n reqBody: {}","service":"user-service"}
{"level":"info","message":"Fri Dec 01 2023 02:10:29 GMT+0530 (India Standard Time) \n req URL: /api/users/resetPassword? \n reqBody: {}","service":"user-service"}
{"level":"info","message":"Fri Dec 01 2023 02:11:38 GMT+0530 (India Standard Time) \n req URL: /api/users/resetPassword? \n reqBody: {}","service":"user-service"}
{"level":"info","message":"Fri Dec 01 2023 02:11:43 GMT+0530 (India Standard Time) \n req URL: /api/users/signup \n reqBody: {}","service":"user-service"}
{"level":"info","message":"Fri Dec 01 2023 02:12:22 GMT+0530 (India Standard Time) \n req URL: /api/users/signup \n reqBody: {}","service":"user-service"}
{"level":"info","message":"Fri Dec 01 2023 02:13:39 GMT+0530 (India Standard Time) \n req URL: /api/users/signup \n reqBody: {\"name\":\"aBc\",\"email\":\"aB@gmail.com\",\"password\":\"aB@gmail.com\"}","service":"user-service"}
{"level":"info","message":"Fri Dec 01 2023 02:13:40 GMT+0530 (India Standard Time) \n req URL: /api/users/signin \n reqBody: {}","service":"user-service"}
{"level":"info","message":"Fri Dec 01 2023 02:13:40 GMT+0530 (India Standard Time) \n req URL: /api/users/signin \n reqBody: {}","service":"user-service"}
{"level":"info","message":"Fri Dec 01 2023 02:13:47 GMT+0530 (India Standard Time) \n req URL: /api/users/signin \n reqBody: {\"email\":\"aB@gmail.com\",\"password\":\"aB@gmail.com\"}","service":"user-service"}
{"level":"info","message":"Fri Dec 01 2023 02:13:47 GMT+0530 (India Standard Time) \n req URL: /api/users/homePage \n reqBody: {}","service":"user-service"}
{"level":"info","message":"Fri Dec 01 2023 02:13:47 GMT+0530 (India Standard Time) \n req URL: /api/users/homePage \n reqBody: {}","service":"user-service"}
{"level":"info","message":"Fri Dec 01 2023 02:13:52 GMT+0530 (India Standard Time) \n req URL: /api/users/logout \n reqBody: {}","service":"user-service"}
{"level":"info","message":"Fri Dec 01 2023 02:13:52 GMT+0530 (India Standard Time) \n req URL: /api/users/signup \n reqBody: {}","service":"user-service"}
{"level":"info","message":"Fri Dec 01 2023 02:13:52 GMT+0530 (India Standard Time) \n req URL: /api/users/signup \n reqBody: {}","service":"user-service"}
{"level":"info","message":"Fri Dec 01 2023 02:14:03 GMT+0530 (India Standard Time) \n req URL: /api/users/signup \n reqBody: {\"name\":\"Prateek Srivastava\",\"email\":\"prateeksrivastava7275@gmail.com\",\"password\":\"prateeksrivastava7275@gmail.com\"}","service":"user-service"}
{"level":"info","message":"Fri Dec 01 2023 02:14:03 GMT+0530 (India Standard Time) \n req URL: /api/users/signin \n reqBody: {}","service":"user-service"}
{"level":"info","message":"Fri Dec 01 2023 02:14:26 GMT+0530 (India Standard Time) \n req URL: /api/users/signin \n reqBody: {\"email\":\"prateeksrivastava7275@gmail.com\",\"password\":\"prateeksrivastava7275@gmail.com\"}","service":"user-service"}
{"level":"info","message":"Fri Dec 01 2023 02:14:26 GMT+0530 (India Standard Time) \n req URL: /api/users/homePage \n reqBody: {}","service":"user-service"}
{"level":"info","message":"Fri Dec 01 2023 02:14:26 GMT+0530 (India Standard Time) \n req URL: /api/users/homePage \n reqBody: {}","service":"user-service"}
{"level":"info","message":"Fri Dec 01 2023 02:14:30 GMT+0530 (India Standard Time) \n req URL: /api/users/logout \n reqBody: {}","service":"user-service"}
{"level":"info","message":"Fri Dec 01 2023 02:14:30 GMT+0530 (India Standard Time) \n req URL: /api/users/signup \n reqBody: {}","service":"user-service"}
{"level":"info","message":"Fri Dec 01 2023 02:14:30 GMT+0530 (India Standard Time) \n req URL: /api/users/signup \n reqBody: {}","service":"user-service"}
{"level":"info","message":"Fri Dec 01 2023 02:14:48 GMT+0530 (India Standard Time) \n req URL: /api/users/signin? \n reqBody: {}","service":"user-service"}
{"level":"info","message":"Fri Dec 01 2023 02:14:55 GMT+0530 (India Standard Time) \n req URL: /api/users/signin \n reqBody: {\"email\":\"aB@gmail.com\",\"password\":\"aB@gmail.com\"}","service":"user-service"}
{"level":"info","message":"Fri Dec 01 2023 02:14:55 GMT+0530 (India Standard Time) \n req URL: /api/users/homePage \n reqBody: {}","service":"user-service"}
{"level":"info","message":"Fri Dec 01 2023 02:14:55 GMT+0530 (India Standard Time) \n req URL: /api/users/homePage \n reqBody: {}","service":"user-service"}
{"level":"info","message":"Fri Dec 01 2023 02:15:01 GMT+0530 (India Standard Time) \n req URL: /api/users/resetPassword? \n reqBody: {}","service":"user-service"}
{"level":"info","message":"Fri Dec 01 2023 02:15:08 GMT+0530 (India Standard Time) \n req URL: /api/users/resetPassword \n reqBody: {\"newPassword\":\"aB@gmail.com1\"}","service":"user-service"}
{"level":"info","message":"Fri Dec 01 2023 02:15:09 GMT+0530 (India Standard Time) \n req URL: /api/users/homePage \n reqBody: {}","service":"user-service"}
{"level":"info","message":"Fri Dec 01 2023 02:15:09 GMT+0530 (India Standard Time) \n req URL: /api/users/homePage \n reqBody: {}","service":"user-service"}
{"level":"info","message":"Fri Dec 01 2023 02:15:31 GMT+0530 (India Standard Time) \n req URL: /api/users/logout \n reqBody: {}","service":"user-service"}
{"level":"info","message":"Fri Dec 01 2023 02:15:31 GMT+0530 (India Standard Time) \n req URL: /api/users/signup \n reqBody: {}","service":"user-service"}
{"level":"info","message":"Fri Dec 01 2023 02:15:31 GMT+0530 (India Standard Time) \n req URL: /api/users/signup \n reqBody: {}","service":"user-service"}
{"level":"info","message":"Fri Dec 01 2023 02:15:39 GMT+0530 (India Standard Time) \n req URL: /api/users/homePage \n reqBody: {}","service":"user-service"}
{"level":"info","message":"Fri Dec 01 2023 02:18:39 GMT+0530 (India Standard Time) \n req URL: /api/users/signup \n reqBody: {}","service":"user-service"}
{"level":"info","message":"Fri Dec 01 2023 02:19:06 GMT+0530 (India Standard Time) \n req URL: /api/users/signin? \n reqBody: {}","service":"user-service"}
{"level":"info","message":"Fri Dec 01 2023 02:19:10 GMT+0530 (India Standard Time) \n req URL: /api/users/signin \n reqBody: {\"email\":\"abcdef@gmail.com\",\"password\":\"abcdef@gmail.com\"}","service":"user-service"}
{"level":"info","message":"Fri Dec 01 2023 02:19:25 GMT+0530 (India Standard Time) \n req URL: /api/users/signin? \n reqBody: {}","service":"user-service"}
{"level":"info","message":"Fri Dec 01 2023 02:19:29 GMT+0530 (India Standard Time) \n req URL: /api/users/signin \n reqBody: {\"email\":\"abcdef@gmail.com\",\"password\":\"abcdef@gmail.com1\"}","service":"user-service"}
{"level":"info","message":"Fri Dec 01 2023 02:19:33 GMT+0530 (India Standard Time) \n req URL: /api/users/signin \n reqBody: {\"email\":\"abcdef@gmail.com\",\"password\":\"abcdef@gmail.com11\"}","service":"user-service"}
{"level":"info","message":"Fri Dec 01 2023 02:19:37 GMT+0530 (India Standard Time) \n req URL: /api/users/signin \n reqBody: {\"email\":\"abcdef@gmail.com\",\"password\":\"abcdef@gmail.com11\"}","service":"user-service"}
{"level":"info","message":"Fri Dec 01 2023 02:19:47 GMT+0530 (India Standard Time) \n req URL: /api/users/signin \n reqBody: {\"email\":\"abcdef@gmail.com\",\"password\":\"abcdef@gmail.com1\"}","service":"user-service"}
{"level":"info","message":"Fri Dec 01 2023 02:20:01 GMT+0530 (India Standard Time) \n req URL: /api/users/signin \n reqBody: {\"email\":\"prateeksrivastava7275@gmail.com\",\"password\":\"prateeksrivastava7275@gmail.com\"}","service":"user-service"}
{"level":"info","message":"Fri Dec 01 2023 02:20:01 GMT+0530 (India Standard Time) \n req URL: /api/users/homePage \n reqBody: {}","service":"user-service"}
{"level":"info","message":"Fri Dec 01 2023 02:20:01 GMT+0530 (India Standard Time) \n req URL: /api/users/homePage \n reqBody: {}","service":"user-service"}
{"level":"info","message":"Fri Dec 01 2023 02:20:04 GMT+0530 (India Standard Time) \n req URL: /api/users/resetPassword? \n reqBody: {}","service":"user-service"}
{"level":"info","message":"Fri Dec 01 2023 02:21:13 GMT+0530 (India Standard Time) \n req URL: /api/users/homePage \n reqBody: {}","service":"user-service"}
{"level":"info","message":"Fri Dec 01 2023 02:21:17 GMT+0530 (India Standard Time) \n req URL: /api/users/signup \n reqBody: {}","service":"user-service"}
{"level":"info","message":"Fri Dec 01 2023 02:21:37 GMT+0530 (India Standard Time) \n req URL: /api/users/signin? \n reqBody: {}","service":"user-service"}
{"level":"info","message":"Fri Dec 01 2023 02:22:09 GMT+0530 (India Standard Time) \n req URL: /api/users/signup \n reqBody: {}","service":"user-service"}
